<?xml version="1.0" encoding="UTF-8"?>
<!-- Generated by org.testng.reporters.JUnitXMLReporter -->
<testsuite ignored="0" hostname="Soms-Mac-mini.local" failures="0" tests="3" name="Default test" time="61.05" errors="0" timestamp="2024-01-20T20:18:03 IST">
  <testcase classname="somoCompany.Tests.appValidationsTest" name="submitOrder" time="20.076"/>
  <testcase classname="somoCompany.Tests.appValidationsTest" name="submitOrder2" time="32.977"/>
  <testcase classname="somoCompany.Tests.appValidationsTest" name="orderHistoryCheck" time="0.002"/>
</testsuite> <!-- Default test -->
