<?xml version="1.0" encoding="UTF-8"?>
<!-- Generated by org.testng.reporters.JUnitXMLReporter -->
<testsuite ignored="0" hostname="Soms-Mac-mini.local" failures="0" tests="5" name="Default test" time="114.238" errors="0" timestamp="2024-01-28T16:31:38 IST">
  <testcase classname="somoCompany.Tests.appValidationsTest" name="submitOrder" time="20.093"/>
  <testcase classname="somoCompany.Tests.appValidationsTest" name="submitOrder" time="19.888"/>
  <testcase classname="somoCompany.Tests.appValidationsTest" name="submitOrder" time="19.979"/>
  <testcase classname="somoCompany.Tests.appValidationsTest" name="submitOrder2" time="33.001"/>
  <testcase classname="somoCompany.Tests.appValidationsTest" name="orderHistoryCheck" time="0.004"/>
</testsuite> <!-- Default test -->
