<?xml version="1.0" encoding="UTF-8"?>
<!-- Generated by org.testng.reporters.JUnitXMLReporter -->
<testsuite ignored="2" hostname="Soms-Mac-mini.local" failures="0" tests="0" time="0.006" errors="0" timestamp="2024-01-20T22:25:53 IST">
  <testcase classname="somoCompany.Tests.ErrorValidationsTest" name="invalidLoginTest" time="0.0">
    <ignored/>
  </testcase> <!-- invalidLoginTest -->
  <testcase classname="somoCompany.Tests.ErrorValidationsTest" name="submitOrder3" time="0.0">
    <ignored/>
  </testcase> <!-- submitOrder3 -->
</testsuite>
