<?xml version="1.0" encoding="UTF-8"?>
<!-- Generated by org.testng.reporters.JUnitXMLReporter -->
<testsuite ignored="0" hostname="Soms-Mac-mini.local" failures="2" tests="2" name="Positive Tests" time="8.556" errors="0" timestamp="2024-01-28T16:08:13 IST">
  <testcase classname="somoCompany.Tests.ErrorValidationsTest" name="invalidLoginTest" time="1.218">
    <failure type="org.openqa.selenium.ElementClickInterceptedException" message="element click intercepted: Element is not clickable at point (392, 728)
  (Session info: chrome-headless-shell=121.0.6167.85)
Build info: version: &amp;apos;4.16.1&amp;apos;, revision: &amp;apos;9b4c83354e&amp;apos;
System info: os.name: &amp;apos;Mac OS X&amp;apos;, os.arch: &amp;apos;aarch64&amp;apos;, os.version: &amp;apos;14.3&amp;apos;, java.version: &amp;apos;17.0.7&amp;apos;
Driver info: org.openqa.selenium.chrome.ChromeDriver
Command: [4aaed20ad87c7866cd632a9175b12e2e, clickElement {id=5E381C94674B27569ACB61AE0F4BD3B1_element_11}]
Capabilities {acceptInsecureCerts: false, browserName: chrome-headless-shell, browserVersion: 121.0.6167.85, chrome: {chromedriverVersion: 120.0.6099.109 (3419140ab66..., userDataDir: /var/folders/c5/18j_52b17j5...}, fedcm:accounts: true, goog:chromeOptions: {debuggerAddress: localhost:49778}, networkConnectionEnabled: false, pageLoadStrategy: normal, platformName: mac, proxy: Proxy(), se:cdp: ws://localhost:49778/devtoo..., se:cdpVersion: 121.0.6167.85, setWindowRect: true, strictFileInteractability: false, timeouts: {implicit: 0, pageLoad: 300000, script: 30000}, unhandledPromptBehavior: dismiss and notify, webauthn:extension:credBlob: true, webauthn:extension:largeBlob: true, webauthn:extension:minPinLength: true, webauthn:extension:prf: true, webauthn:virtualAuthenticators: true}
Element: [[ChromeDriver: chrome-headless-shell on mac (4aaed20ad87c7866cd632a9175b12e2e)] -&amp;gt; id: login]
Session ID: 4aaed20ad87c7866cd632a9175b12e2e">
      <![CDATA[org.openqa.selenium.ElementClickInterceptedException: element click intercepted: Element is not clickable at point (392, 728)
  (Session info: chrome-headless-shell=121.0.6167.85)
Build info: version: '4.16.1', revision: '9b4c83354e'
System info: os.name: 'Mac OS X', os.arch: 'aarch64', os.version: '14.3', java.version: '17.0.7'
Driver info: org.openqa.selenium.chrome.ChromeDriver
Command: [4aaed20ad87c7866cd632a9175b12e2e, clickElement {id=5E381C94674B27569ACB61AE0F4BD3B1_element_11}]
Capabilities {acceptInsecureCerts: false, browserName: chrome-headless-shell, browserVersion: 121.0.6167.85, chrome: {chromedriverVersion: 120.0.6099.109 (3419140ab66..., userDataDir: /var/folders/c5/18j_52b17j5...}, fedcm:accounts: true, goog:chromeOptions: {debuggerAddress: localhost:49778}, networkConnectionEnabled: false, pageLoadStrategy: normal, platformName: mac, proxy: Proxy(), se:cdp: ws://localhost:49778/devtoo..., se:cdpVersion: 121.0.6167.85, setWindowRect: true, strictFileInteractability: false, timeouts: {implicit: 0, pageLoad: 300000, script: 30000}, unhandledPromptBehavior: dismiss and notify, webauthn:extension:credBlob: true, webauthn:extension:largeBlob: true, webauthn:extension:minPinLength: true, webauthn:extension:prf: true, webauthn:virtualAuthenticators: true}
Element: [[ChromeDriver: chrome-headless-shell on mac (4aaed20ad87c7866cd632a9175b12e2e)] -> id: login]
Session ID: 4aaed20ad87c7866cd632a9175b12e2e
at org.openqa.selenium.remote.codec.w3c.W3CHttpResponseCodec.createException(W3CHttpResponseCodec.java:200)
at org.openqa.selenium.remote.codec.w3c.W3CHttpResponseCodec.decode(W3CHttpResponseCodec.java:133)
at org.openqa.selenium.remote.codec.w3c.W3CHttpResponseCodec.decode(W3CHttpResponseCodec.java:52)
at org.openqa.selenium.remote.HttpCommandExecutor.execute(HttpCommandExecutor.java:191)
at org.openqa.selenium.remote.service.DriverCommandExecutor.invokeExecute(DriverCommandExecutor.java:200)
at org.openqa.selenium.remote.service.DriverCommandExecutor.execute(DriverCommandExecutor.java:175)
at org.openqa.selenium.remote.RemoteWebDriver.execute(RemoteWebDriver.java:523)
at org.openqa.selenium.remote.RemoteWebElement.execute(RemoteWebElement.java:224)
at org.openqa.selenium.remote.RemoteWebElement.click(RemoteWebElement.java:77)
at org.openqa.selenium.support.pagefactory.internal.LocatingElementHandler.invoke(LocatingElementHandler.java:51)
at jdk.proxy2/jdk.proxy2.$Proxy16.click(Unknown Source)
at somoCompany.pageObjects.LandingPage.loginApplication(LandingPage.java:37)
at somoCompany.Tests.ErrorValidationsTest.invalidLoginTest(ErrorValidationsTest.java:48)
at java.base/java.util.ArrayList.forEach(ArrayList.java:1511)
... Removed 36 stack frames]]>
    </failure>
  </testcase> <!-- invalidLoginTest -->
  <testcase classname="somoCompany.Tests.ErrorValidationsTest" name="submitOrder3" time="1.184">
    <failure type="org.openqa.selenium.ElementClickInterceptedException" message="element click intercepted: Element is not clickable at point (392, 728)
  (Session info: chrome-headless-shell=121.0.6167.85)
Build info: version: &amp;apos;4.16.1&amp;apos;, revision: &amp;apos;9b4c83354e&amp;apos;
System info: os.name: &amp;apos;Mac OS X&amp;apos;, os.arch: &amp;apos;aarch64&amp;apos;, os.version: &amp;apos;14.3&amp;apos;, java.version: &amp;apos;17.0.7&amp;apos;
Driver info: org.openqa.selenium.chrome.ChromeDriver
Command: [55617a6157c2252cfb092aa544305e33, clickElement {id=8020B9A1BD0069F9BAB191829730622B_element_11}]
Capabilities {acceptInsecureCerts: false, browserName: chrome-headless-shell, browserVersion: 121.0.6167.85, chrome: {chromedriverVersion: 120.0.6099.109 (3419140ab66..., userDataDir: /var/folders/c5/18j_52b17j5...}, fedcm:accounts: true, goog:chromeOptions: {debuggerAddress: localhost:49792}, networkConnectionEnabled: false, pageLoadStrategy: normal, platformName: mac, proxy: Proxy(), se:cdp: ws://localhost:49792/devtoo..., se:cdpVersion: 121.0.6167.85, setWindowRect: true, strictFileInteractability: false, timeouts: {implicit: 0, pageLoad: 300000, script: 30000}, unhandledPromptBehavior: dismiss and notify, webauthn:extension:credBlob: true, webauthn:extension:largeBlob: true, webauthn:extension:minPinLength: true, webauthn:extension:prf: true, webauthn:virtualAuthenticators: true}
Element: [[ChromeDriver: chrome-headless-shell on mac (55617a6157c2252cfb092aa544305e33)] -&amp;gt; id: login]
Session ID: 55617a6157c2252cfb092aa544305e33">
      <![CDATA[org.openqa.selenium.ElementClickInterceptedException: element click intercepted: Element is not clickable at point (392, 728)
  (Session info: chrome-headless-shell=121.0.6167.85)
Build info: version: '4.16.1', revision: '9b4c83354e'
System info: os.name: 'Mac OS X', os.arch: 'aarch64', os.version: '14.3', java.version: '17.0.7'
Driver info: org.openqa.selenium.chrome.ChromeDriver
Command: [55617a6157c2252cfb092aa544305e33, clickElement {id=8020B9A1BD0069F9BAB191829730622B_element_11}]
Capabilities {acceptInsecureCerts: false, browserName: chrome-headless-shell, browserVersion: 121.0.6167.85, chrome: {chromedriverVersion: 120.0.6099.109 (3419140ab66..., userDataDir: /var/folders/c5/18j_52b17j5...}, fedcm:accounts: true, goog:chromeOptions: {debuggerAddress: localhost:49792}, networkConnectionEnabled: false, pageLoadStrategy: normal, platformName: mac, proxy: Proxy(), se:cdp: ws://localhost:49792/devtoo..., se:cdpVersion: 121.0.6167.85, setWindowRect: true, strictFileInteractability: false, timeouts: {implicit: 0, pageLoad: 300000, script: 30000}, unhandledPromptBehavior: dismiss and notify, webauthn:extension:credBlob: true, webauthn:extension:largeBlob: true, webauthn:extension:minPinLength: true, webauthn:extension:prf: true, webauthn:virtualAuthenticators: true}
Element: [[ChromeDriver: chrome-headless-shell on mac (55617a6157c2252cfb092aa544305e33)] -> id: login]
Session ID: 55617a6157c2252cfb092aa544305e33
at org.openqa.selenium.remote.codec.w3c.W3CHttpResponseCodec.createException(W3CHttpResponseCodec.java:200)
at org.openqa.selenium.remote.codec.w3c.W3CHttpResponseCodec.decode(W3CHttpResponseCodec.java:133)
at org.openqa.selenium.remote.codec.w3c.W3CHttpResponseCodec.decode(W3CHttpResponseCodec.java:52)
at org.openqa.selenium.remote.HttpCommandExecutor.execute(HttpCommandExecutor.java:191)
at org.openqa.selenium.remote.service.DriverCommandExecutor.invokeExecute(DriverCommandExecutor.java:200)
at org.openqa.selenium.remote.service.DriverCommandExecutor.execute(DriverCommandExecutor.java:175)
at org.openqa.selenium.remote.RemoteWebDriver.execute(RemoteWebDriver.java:523)
at org.openqa.selenium.remote.RemoteWebElement.execute(RemoteWebElement.java:224)
at org.openqa.selenium.remote.RemoteWebElement.click(RemoteWebElement.java:77)
at org.openqa.selenium.support.pagefactory.internal.LocatingElementHandler.invoke(LocatingElementHandler.java:51)
at jdk.proxy2/jdk.proxy2.$Proxy16.click(Unknown Source)
at somoCompany.pageObjects.LandingPage.loginApplication(LandingPage.java:37)
at somoCompany.Tests.ErrorValidationsTest.submitOrder3(ErrorValidationsTest.java:66)
at java.base/java.util.ArrayList.forEach(ArrayList.java:1511)
... Removed 36 stack frames]]>
    </failure>
  </testcase> <!-- submitOrder3 -->
</testsuite> <!-- Positive Tests -->
