<?xml version="1.0" encoding="UTF-8"?>
<!-- Generated by org.testng.reporters.JUnitXMLReporter -->
<testsuite ignored="0" hostname="Soms-Mac-mini.local" failures="0" tests="4" name="Test" time="115.766" errors="0" timestamp="2024-01-20T19:33:31 IST">
  <testcase classname="somoCompany.Tests.TestRunner" name="submitOrder" time="19.951"/>
  <testcase classname="somoCompany.Tests.TestRunner" name="submitOrder2" time="32.933"/>
  <testcase classname="somoCompany.Tests.TestRunner" name="submitOrder3" time="46.327"/>
  <testcase classname="somoCompany.Tests.ErrorValidationsTest" name="invalidLoginTest" time="0.83"/>
</testsuite> <!-- Test -->
