<?xml version="1.0" encoding="UTF-8"?>
<!-- Generated by org.testng.reporters.JUnitXMLReporter -->
<testsuite ignored="0" hostname="Soms-Mac-mini.local" failures="0" tests="5" name="Positive Tests" time="104.034" errors="0" timestamp="2024-01-21T22:01:52 IST">
  <testcase classname="somoCompany.Tests.appValidationsTest" name="submitOrder" time="19.964"/>
  <testcase classname="somoCompany.Tests.appValidationsTest" name="submitOrder" time="19.835"/>
  <testcase classname="somoCompany.Tests.appValidationsTest" name="submitOrder" time="19.898"/>
  <testcase classname="somoCompany.Tests.appValidationsTest" name="submitOrder2" time="32.738"/>
  <testcase classname="somoCompany.Tests.appValidationsTest" name="orderHistoryCheck" time="0.003"/>
</testsuite> <!-- Positive Tests -->
