<?xml version="1.0" encoding="UTF-8"?>
<!-- Generated by org.testng.reporters.JUnitXMLReporter -->
<testsuite ignored="0" hostname="Soms-Mac-mini.local" failures="0" tests="5" name="Positive Tests" time="206.362" errors="0" timestamp="2024-01-22T23:17:49 IST">
  <testcase classname="somoCompany.Tests.appValidationsTest" name="submitOrder" time="33.737"/>
  <testcase classname="somoCompany.Tests.appValidationsTest" name="submitOrder" time="34.955"/>
  <testcase classname="somoCompany.Tests.appValidationsTest" name="submitOrder" time="33.993"/>
  <testcase classname="somoCompany.Tests.appValidationsTest" name="submitOrder2" time="47.932"/>
  <testcase classname="somoCompany.Tests.appValidationsTest" name="orderHistoryCheck" time="0.005"/>
</testsuite> <!-- Positive Tests -->
