<?xml version="1.0" encoding="UTF-8"?>
<testsuite xmlns:xsi="http://www.w3.org/2001/XMLSchema-instance" xsi:noNamespaceSchemaLocation="https://maven.apache.org/surefire/maven-surefire-plugin/xsd/surefire-test-report-3.0.xsd" version="3.0" name="TestSuite" time="104.73" tests="5" errors="0" skipped="0" failures="0">
  <properties>
[...]
</properties>
  <testcase name="submitOrder[{email=som@gmail.com, password=Somosom@77, productName=ZARA COAT 3}](1)" classname="somoCompany.Tests.appValidationsTest" time="19.974">
    <system-out><![CDATA[| 65ad46a6a86f8f74dc5c7cc9 |
]]></system-out>
  </testcase>
  <testcase name="submitOrder[{email=som@gmail.com, password=Somosom@77, productName=ADIDAS ORIGINAL}](2)" classname="somoCompany.Tests.appValidationsTest" time="19.837">
    <system-out><![CDATA[| 65ad46bca86f8f74dc5c7ce9 |
]]></system-out>
  </testcase>
  <testcase name="submitOrder[{email=som@gmail.com, password=Somosom@77, productName=IPHONE 13 PRO}](3)" classname="somoCompany.Tests.appValidationsTest" time="19.898">
    <system-out><![CDATA[| 65ad46d3a86f8f74dc5c7d0c |
]]></system-out>
  </testcase>
  <testcase name="submitOrder2" classname="somoCompany.Tests.appValidationsTest" time="32.739">
    <system-out><![CDATA[| 65ad46f6a86f8f74dc5c7d2f |
| 65ad46f6a86f8f74dc5c7d32 |
]]></system-out>
  </testcase>
  <testcase name="orderHistoryCheck" classname="somoCompany.Tests.appValidationsTest" time="0.005">
    <system-out><![CDATA[This test RAN
]]></system-out>
  </testcase>
</testsuite>