<?xml version="1.0" encoding="UTF-8"?>
<testsuite xmlns:xsi="http://www.w3.org/2001/XMLSchema-instance" xsi:noNamespaceSchemaLocation="https://maven.apache.org/surefire/maven-surefire-plugin/xsd/surefire-test-report-3.0.xsd" version="3.0" name="TestSuite" time="284.32" tests="7" errors="0" skipped="0" failures="0">
  <properties>
[...]
</properties>
  <testcase name="submitOrder[{email=som@gmail.com, password=Somosom@77, productName=ZARA COAT 3}](1)" classname="somoCompany.Tests.appValidationsTest" time="35.158">
    <system-out><![CDATA[| 65affe47a86f8f74dc5f4800 |
]]></system-out>
  </testcase>
  <testcase name="submitOrder[{email=som@gmail.com, password=Somosom@77, productName=ADIDAS ORIGINAL}](2)" classname="somoCompany.Tests.appValidationsTest" time="34.091">
    <system-out><![CDATA[| 65affe72a86f8f74dc5f4863 |
]]></system-out>
  </testcase>
  <testcase name="submitOrder[{email=som@gmail.com, password=Somosom@77, productName=IPHONE 13 PRO}](3)" classname="somoCompany.Tests.appValidationsTest" time="34.317">
    <system-out><![CDATA[| 65affe9fa86f8f74dc5f48af |
]]></system-out>
  </testcase>
  <testcase name="submitOrder2" classname="somoCompany.Tests.appValidationsTest" time="48.41">
    <system-out><![CDATA[| 65affed8a86f8f74dc5f491a |
| 65affed8a86f8f74dc5f491d |
]]></system-out>
  </testcase>
  <testcase name="orderHistoryCheck" classname="somoCompany.Tests.appValidationsTest" time="0.005">
    <system-out><![CDATA[This test RAN
]]></system-out>
  </testcase>
  <testcase name="invalidLoginTest" classname="somoCompany.Tests.ErrorValidationsTest" time="2.415"/>
  <testcase name="submitOrder3" classname="somoCompany.Tests.ErrorValidationsTest" time="59.747">
    <system-out><![CDATA[| 65afff32a86f8f74dc5f4999 |
| 65afff32a86f8f74dc5f499c |
| 65afff32a86f8f74dc5f499f |
]]></system-out>
  </testcase>
</testsuite>