<?xml version="1.0" encoding="UTF-8"?>
<testng-results ignored="0" total="5" passed="5" failed="0" skipped="0">
  <reporter-output>
  </reporter-output>
  <suite started-at="2024-01-28T16:29:44 IST" name="Default suite" finished-at="2024-01-28T16:31:38 IST" duration-ms="114238">
    <groups>
      <group name="purchase">
        <method signature="appValidationsTest.submitOrder(java.util.Map)[pri:0, instance:somoCompany.Tests.appValidationsTest@75f5fd58]" name="submitOrder" class="somoCompany.Tests.appValidationsTest"/>
      </group> <!-- purchase -->
    </groups>
    <test started-at="2024-01-28T16:29:44 IST" name="Default test" finished-at="2024-01-28T16:31:38 IST" duration-ms="114238">
      <class name="somoCompany.Tests.appValidationsTest">
        <test-method is-config="true" signature="initiateDriver()[pri:0, instance:somoCompany.Tests.appValidationsTest@75f5fd58]" started-at="2024-01-28T16:29:44 IST" name="initiateDriver" finished-at="2024-01-28T16:29:48 IST" duration-ms="4229" status="PASS">
          <reporter-output>
          </reporter-output>
        </test-method> <!-- initiateDriver -->
        <test-method signature="submitOrder(java.util.Map)[pri:0, instance:somoCompany.Tests.appValidationsTest@75f5fd58]" started-at="2024-01-28T16:29:48 IST" name="submitOrder" data-provider="getData" finished-at="2024-01-28T16:30:08 IST" duration-ms="20093" status="PASS">
          <params>
            <param index="0">
              <value>
                <![CDATA[{email=som@gmail.com, password=Somosom@77, productName=ZARA COAT 3}]]>
              </value>
            </param>
          </params>
          <reporter-output>
          </reporter-output>
        </test-method> <!-- submitOrder -->
        <test-method is-config="true" signature="tearDown()[pri:0, instance:somoCompany.Tests.appValidationsTest@75f5fd58]" started-at="2024-01-28T16:30:08 IST" name="tearDown" finished-at="2024-01-28T16:30:08 IST" duration-ms="63" status="PASS">
          <reporter-output>
          </reporter-output>
        </test-method> <!-- tearDown -->
        <test-method is-config="true" signature="initiateDriver()[pri:0, instance:somoCompany.Tests.appValidationsTest@75f5fd58]" started-at="2024-01-28T16:30:08 IST" name="initiateDriver" finished-at="2024-01-28T16:30:13 IST" duration-ms="4417" status="PASS">
          <reporter-output>
          </reporter-output>
        </test-method> <!-- initiateDriver -->
        <test-method signature="submitOrder(java.util.Map)[pri:0, instance:somoCompany.Tests.appValidationsTest@75f5fd58]" started-at="2024-01-28T16:30:13 IST" name="submitOrder" data-provider="getData" finished-at="2024-01-28T16:30:32 IST" duration-ms="19888" status="PASS">
          <params>
            <param index="0">
              <value>
                <![CDATA[{email=som@gmail.com, password=Somosom@77, productName=ADIDAS ORIGINAL}]]>
              </value>
            </param>
          </params>
          <reporter-output>
          </reporter-output>
        </test-method> <!-- submitOrder -->
        <test-method is-config="true" signature="tearDown()[pri:0, instance:somoCompany.Tests.appValidationsTest@75f5fd58]" started-at="2024-01-28T16:30:32 IST" name="tearDown" finished-at="2024-01-28T16:30:33 IST" duration-ms="60" status="PASS">
          <reporter-output>
          </reporter-output>
        </test-method> <!-- tearDown -->
        <test-method is-config="true" signature="initiateDriver()[pri:0, instance:somoCompany.Tests.appValidationsTest@75f5fd58]" started-at="2024-01-28T16:30:33 IST" name="initiateDriver" finished-at="2024-01-28T16:30:36 IST" duration-ms="3506" status="PASS">
          <reporter-output>
          </reporter-output>
        </test-method> <!-- initiateDriver -->
        <test-method signature="submitOrder(java.util.Map)[pri:0, instance:somoCompany.Tests.appValidationsTest@75f5fd58]" started-at="2024-01-28T16:30:36 IST" name="submitOrder" data-provider="getData" finished-at="2024-01-28T16:30:56 IST" duration-ms="19979" status="PASS">
          <params>
            <param index="0">
              <value>
                <![CDATA[{email=som@gmail.com, password=Somosom@77, productName=IPHONE 13 PRO}]]>
              </value>
            </param>
          </params>
          <reporter-output>
          </reporter-output>
        </test-method> <!-- submitOrder -->
        <test-method is-config="true" signature="tearDown()[pri:0, instance:somoCompany.Tests.appValidationsTest@75f5fd58]" started-at="2024-01-28T16:30:56 IST" name="tearDown" finished-at="2024-01-28T16:30:56 IST" duration-ms="56" status="PASS">
          <reporter-output>
          </reporter-output>
        </test-method> <!-- tearDown -->
        <test-method is-config="true" signature="initiateDriver()[pri:0, instance:somoCompany.Tests.appValidationsTest@75f5fd58]" started-at="2024-01-28T16:30:56 IST" name="initiateDriver" finished-at="2024-01-28T16:31:01 IST" duration-ms="4422" status="PASS">
          <reporter-output>
          </reporter-output>
        </test-method> <!-- initiateDriver -->
        <test-method signature="submitOrder2()[pri:0, instance:somoCompany.Tests.appValidationsTest@75f5fd58]" started-at="2024-01-28T16:31:01 IST" name="submitOrder2" finished-at="2024-01-28T16:31:34 IST" duration-ms="33001" status="PASS">
          <reporter-output>
          </reporter-output>
        </test-method> <!-- submitOrder2 -->
        <test-method is-config="true" signature="tearDown()[pri:0, instance:somoCompany.Tests.appValidationsTest@75f5fd58]" started-at="2024-01-28T16:31:34 IST" name="tearDown" finished-at="2024-01-28T16:31:34 IST" duration-ms="56" status="PASS">
          <reporter-output>
          </reporter-output>
        </test-method> <!-- tearDown -->
        <test-method is-config="true" signature="initiateDriver()[pri:0, instance:somoCompany.Tests.appValidationsTest@75f5fd58]" started-at="2024-01-28T16:31:34 IST" name="initiateDriver" finished-at="2024-01-28T16:31:38 IST" duration-ms="4288" status="PASS">
          <reporter-output>
          </reporter-output>
        </test-method> <!-- initiateDriver -->
        <test-method signature="orderHistoryCheck()[pri:0, instance:somoCompany.Tests.appValidationsTest@75f5fd58]" started-at="2024-01-28T16:31:38 IST" name="orderHistoryCheck" finished-at="2024-01-28T16:31:38 IST" depends-on-methods="somoCompany.Tests.appValidationsTest.submitOrder" duration-ms="4" status="PASS">
          <reporter-output>
          </reporter-output>
        </test-method> <!-- orderHistoryCheck -->
        <test-method is-config="true" signature="tearDown()[pri:0, instance:somoCompany.Tests.appValidationsTest@75f5fd58]" started-at="2024-01-28T16:31:38 IST" name="tearDown" finished-at="2024-01-28T16:31:38 IST" duration-ms="63" status="PASS">
          <reporter-output>
          </reporter-output>
        </test-method> <!-- tearDown -->
      </class> <!-- somoCompany.Tests.appValidationsTest -->
    </test> <!-- Default test -->
  </suite> <!-- Default suite -->
</testng-results>
